<?xml version="1.0" encoding="utf-8"?><testsuites name="pytest tests"><testsuite name="pytest" errors="0" failures="0" skipped="0" tests="8" time="2.473" timestamp="2026-07-15T08:54:05.290772+00:00" hostname="agent-env-bd2dab4e-e55c-46a1-b6b0-54b578c920a3"><testcase classname="backend.tests.test_gps_visits.TestHealth" name="test_api_root" time="0.275" /><testcase classname="backend.tests.test_gps_visits.TestHealth" name="test_admin_login" time="0.355" /><testcase classname="backend.tests.test_gps_visits.TestVisitGPS" name="test_checkin_with_gps" time="0.831" /><testcase classname="backend.tests.test_gps_visits.TestVisitGPS" name="test_checkout_with_gps" time="0.076" /><testcase classname="backend.tests.test_gps_visits.TestVisitGPS" name="test_admin_get_visit_shows_gps" time="0.113" /><testcase classname="backend.tests.test_gps_visits.TestVisitGPS" name="test_rating_regression" time="0.189" /><testcase classname="backend.tests.test_gps_visits.TestVisitGPS" name="test_pdf_export_contains_gps" time="0.084" /><testcase classname="backend.tests.test_gps_visits.TestVisitNoGPS" name="test_checkin_without_gps_no_crash" time="0.447" /></testsuite></testsuites>