<?xml version="1.0" encoding="utf-8"?><testsuites name="pytest tests"><testsuite name="pytest" errors="0" failures="1" skipped="0" tests="13" time="4.215" timestamp="2026-07-15T10:12:25.933959+00:00" hostname="agent-env-bd2dab4e-e55c-46a1-b6b0-54b578c920a3"><testcase classname="backend.tests.test_security_fixes.TestSEC001JWTSecret" name="test_token_signed_with_old_default_secret_rejected" time="0.004" /><testcase classname="backend.tests.test_security_fixes.TestSEC001JWTSecret" name="test_new_jwt_secret_signs_working_token" time="0.331" /><testcase classname="backend.tests.test_security_fixes.TestRegressionAdminLogin" name="test_admin_login" time="0.265" /><testcase classname="backend.tests.test_security_fixes.TestSEC003IDOR" name="test_employee_cannot_view_other_employee_visits" time="1.194" /><testcase classname="backend.tests.test_security_fixes.TestSEC004Limits" name="test_checkout_form_over_2mb_returns_413" time="0.677" /><testcase classname="backend.tests.test_security_fixes.TestSEC004Limits" name="test_visits_limit_clamped_to_200" time="0.044" /><testcase classname="backend.tests.test_security_fixes.TestSEC005CSV" name="test_csv_formula_injection_prefixed_with_apostrophe" time="0.703" /><testcase classname="backend.tests.test_security_fixes.TestSEC005CSV" name="test_csv_filename_sanitization" time="0.044"><failure message="AssertionError: filename contains '..': visits_.._.._etc_passwd_to_x.csv&#10;assert '..' not in 'visits_.._....swd_to_x.csv'&#10;  &#10;  '..' is contained here:&#10;    visits_.._.._etc_passwd_to_x.csv&#10;  ?        ++">backend/tests/test_security_fixes.py:172: in test_csv_filename_sanitization
    assert ".." not in fname, f"filename contains '..': {fname}"
E   AssertionError: filename contains '..': visits_.._.._etc_passwd_to_x.csv
E   assert '..' not in 'visits_.._....swd_to_x.csv'
E     
E     '..' is contained here:
E       visits_.._.._etc_passwd_to_x.csv
E     ?        ++</failure></testcase><testcase classname="backend.tests.test_security_fixes.TestRegressionEmployeeFlow" name="test_employee_checkin_checkout_small_form" time="0.661" /><testcase classname="backend.tests.test_security_fixes.TestRegressionAdminExports" name="test_admin_list_users" time="0.045" /><testcase classname="backend.tests.test_security_fixes.TestRegressionAdminExports" name="test_admin_list_visits" time="0.046" /><testcase classname="backend.tests.test_security_fixes.TestRegressionAdminExports" name="test_admin_export_csv" time="0.044" /><testcase classname="backend.tests.test_security_fixes.TestRegressionAdminExports" name="test_admin_export_pdf" time="0.051" /></testsuite></testsuites>