<?xml version="1.0" encoding="utf-8"?><testsuites name="pytest tests"><testsuite name="pytest" errors="0" failures="0" skipped="0" tests="5" time="2.310" timestamp="2026-07-15T09:16:25.470971+00:00" hostname="agent-env-bd2dab4e-e55c-46a1-b6b0-54b578c920a3"><testcase classname="backend.tests.test_visit_form.TestVisitForm" name="test_ravi_seed_or_skip" time="0.722" /><testcase classname="backend.tests.test_visit_form.TestVisitForm" name="test_checkin_visit" time="0.834" /><testcase classname="backend.tests.test_visit_form.TestVisitForm" name="test_checkout_persists_new_form_fields" time="0.092" /><testcase classname="backend.tests.test_visit_form.TestVisitForm" name="test_get_visit_shows_persisted_form" time="0.080" /><testcase classname="backend.tests.test_visit_form.TestVisitForm" name="test_checkout_photos_as_data_urls" time="0.518" /></testsuite></testsuites>